*********************************************************************
* LD Score Regression (LDSC)
* Version 1.0.0
* (C) 2014-2015 Brendan Bulik-Sullivan and Hilary Finucane
* Broad Institute of MIT and Harvard / MIT Department of Mathematics
* GNU General Public License v3
*********************************************************************
Call: 
./ldsc.py \
--h2 formatted_sumstats/sim79.sumstats \
--ref-ld-chr /medpop/srlab/xli/admixture/sigma_new_cohort/ldscore_maf0.05/chr@_20cm_noadj \
--out h2_results/sim79 \
--w-ld-chr /medpop/srlab/xli/admixture/sigma_new_cohort/ldscore_maf0.05/chr@_20cm_noadj 

Beginning analysis at Sat Sep 22 20:30:24 2018
Reading summary statistics from formatted_sumstats/sim79.sumstats ...
Read summary statistics for 1108034 SNPs.
Reading reference panel LD Score from /medpop/srlab/xli/admixture/sigma_new_cohort/ldscore_maf0.05/chr[1-22]_20cm_noadj ...
Read reference panel LD Scores for 1108034 SNPs.
Removing partitioned LD Scores with zero variance.
Reading regression weight LD Score from /medpop/srlab/xli/admixture/sigma_new_cohort/ldscore_maf0.05/chr[1-22]_20cm_noadj ...
Read regression weight LD Scores for 1108034 SNPs.
After merging with reference panel LD, 1108034 SNPs remain.
After merging with regression SNP LD, 1108034 SNPs remain.
Using two-step estimator with cutoff at 30.
Total Observed scale h2: 0.1666 (0.0354)
Lambda GC: 1.0719
Mean Chi^2: 1.0819
Intercept: 1.0186 (0.0077)
Ratio: 0.2275 (0.094)
Analysis finished at Sat Sep 22 20:30:48 2018
Total time elapsed: 23.69s
