*********************************************************************
* LD Score Regression (LDSC)
* Version 1.0.0
* (C) 2014-2015 Brendan Bulik-Sullivan and Hilary Finucane
* Broad Institute of MIT and Harvard / MIT Department of Mathematics
* GNU General Public License v3
*********************************************************************
Call: 
./ldsc.py \
--h2 formatted_sumstats/sim86.sumstats \
--ref-ld-chr /medpop/srlab/xli/admixture/sigma_new_cohort/ldscore_maf0.05/chr@_20cm_noadj \
--out h2_results/sim86 \
--w-ld-chr /medpop/srlab/xli/admixture/sigma_new_cohort/ldscore_maf0.05/chr@_20cm_noadj 

Beginning analysis at Sat Sep 22 20:35:47 2018
Reading summary statistics from formatted_sumstats/sim86.sumstats ...
Read summary statistics for 1108034 SNPs.
Reading reference panel LD Score from /medpop/srlab/xli/admixture/sigma_new_cohort/ldscore_maf0.05/chr[1-22]_20cm_noadj ...
Read reference panel LD Scores for 1108034 SNPs.
Removing partitioned LD Scores with zero variance.
Reading regression weight LD Score from /medpop/srlab/xli/admixture/sigma_new_cohort/ldscore_maf0.05/chr[1-22]_20cm_noadj ...
Read regression weight LD Scores for 1108034 SNPs.
After merging with reference panel LD, 1108034 SNPs remain.
After merging with regression SNP LD, 1108034 SNPs remain.
Using two-step estimator with cutoff at 30.
Total Observed scale h2: 0.2248 (0.0317)
Lambda GC: 1.0923
Mean Chi^2: 1.0977
Intercept: 1.014 (0.0071)
Ratio: 0.143 (0.0722)
Analysis finished at Sat Sep 22 20:36:09 2018
Total time elapsed: 21.6s
