*********************************************************************
* LD Score Regression (LDSC)
* Version 1.0.0
* (C) 2014-2015 Brendan Bulik-Sullivan and Hilary Finucane
* Broad Institute of MIT and Harvard / MIT Department of Mathematics
* GNU General Public License v3
*********************************************************************
Call: 
./ldsc.py \
--ld-wind-cm 20.0 \
--out chr20_20cm_wadj \
--bfile ../chr20_maf0.05_cm \
--cov ../sigma_maf0.05_xyremove.evec \
--l2  

Beginning analysis at Tue Aug 21 14:21:21 2018
Read list of 29070 SNPs from ../chr20_maf0.05_cm.bim
Read list of 8214 individuals from ../chr20_maf0.05_cm.fam
Reading genotypes from ../chr20_maf0.05_cm.bed
Estimating LD Score.
Writing LD Scores for 29070 SNPs to chr20_20cm_wadj.l2.ldscore.gz

Summary of LD Scores in chr20_20cm_wadj.l2.ldscore.gz
         MAF        L2
mean  0.2493   23.2294
std   0.1338   16.0013
min   0.0500    1.3036
25%   0.1305   13.2009
50%   0.2363   19.1251
75%   0.3636   28.1623
max   0.4999  198.0807

MAF/LD Score Correlation Matrix
        MAF      L2
MAF  1.0000  0.2601
L2   0.2601  1.0000
Analysis finished at Tue Aug 21 14:34:25 2018
Total time elapsed: 13.0m:3.93s
